Using pre-set license
Built from '2020.3/staging' branch; Version is '2020.3.17f1 (a4537701e4ab) revision 10769271'; Using compiler version '192528614'; Build Type 'Release'
OS: 'Windows 10 Pro; OS build 19042.1237; Version 2009; 64bit' Language: 'ko' Physical Memory: 16233 MB
BatchMode: 1, IsHumanControllingUs: 0, StartBugReporterOnCrash: 0, Is64bit: 1, IsPro: 0

COMMAND LINE ARGUMENTS:
D:\2020.3.17f1\Editor\Unity.exe
-adb2
-batchMode
-noUpm
-name
AssetImportWorker0
-projectPath
C:/Users/nsh39/OneDrive/project/DeepSeaFrog/DeepSeaFrogProject
-logFile
Logs/AssetImportWorker0.log
-srvPort
63536
Successfully changed project path to: C:/Users/nsh39/OneDrive/project/DeepSeaFrog/DeepSeaFrogProject
C:/Users/nsh39/OneDrive/project/DeepSeaFrog/DeepSeaFrogProject
Using Asset Import Pipeline V2.
Refreshing native plugins compatible for Editor in 45.40 ms, found 3 plugins.
Preloading 0 native plugins for Editor in 0.00 ms.
Initialize engine version: 2020.3.17f1 (a4537701e4ab)
[Subsystems] Discovering subsystems at path D:/2020.3.17f1/Editor/Data/Resources/UnitySubsystems
[Subsystems] Discovering subsystems at path C:/Users/nsh39/OneDrive/project/DeepSeaFrog/DeepSeaFrogProject/Assets
GfxDevice: creating device client; threaded=0
Direct3D:
    Version:  Direct3D 11.0 [level 11.1]
    Renderer: NVIDIA GeForce RTX 2060 (ID=0x1f11)
    Vendor:   
    VRAM:     5980 MB
    Driver:   27.21.14.5763
Initialize mono
Mono path[0] = 'D:/2020.3.17f1/Editor/Data/Managed'
Mono path[1] = 'D:/2020.3.17f1/Editor/Data/MonoBleedingEdge/lib/mono/unityjit'
Mono config path = 'D:/2020.3.17f1/Editor/Data/MonoBleedingEdge/etc'
Using monoOptions --debugger-agent=transport=dt_socket,embedding=1,server=y,suspend=n,address=127.0.0.1:56708
Begin MonoManager ReloadAssembly
Registering precompiled unity dll's ...
Register platform support module: D:/2020.3.17f1/Editor/Data/PlaybackEngines/WindowsStandaloneSupport/UnityEditor.WindowsStandalone.Extensions.dll
Registered in 0.001450 seconds.
Native extension for WindowsStandalone target not found
Refreshing native plugins compatible for Editor in 40.00 ms, found 3 plugins.
Preloading 0 native plugins for Editor in 0.00 ms.
Mono: successfully reloaded assembly
- Completed reload, in  1.386 seconds
Domain Reload Profiling:
	ReloadAssembly (1386ms)
		BeginReloadAssembly (48ms)
			ExecutionOrderSort (0ms)
			DisableScriptedObjects (0ms)
			BackupInstance (0ms)
			ReleaseScriptingObjects (0ms)
			CreateAndSetChildDomain (1ms)
		EndReloadAssembly (408ms)
			LoadAssemblies (47ms)
			RebuildTransferFunctionScriptingTraits (0ms)
			SetupTypeCache (154ms)
			ReleaseScriptCaches (0ms)
			RebuildScriptCaches (31ms)
			SetupLoadedEditorAssemblies (159ms)
				LogAssemblyErrors (0ms)
				InitializePlatformSupportModulesInManaged (3ms)
				SetLoadedEditorAssemblies (0ms)
				RefreshPlugins (40ms)
				BeforeProcessingInitializeOnLoad (16ms)
				ProcessInitializeOnLoadAttributes (73ms)
				ProcessInitializeOnLoadMethodAttributes (26ms)
				AfterProcessingInitializeOnLoad (0ms)
				EditorAssembliesLoaded (0ms)
			ExecutionOrderSort2 (0ms)
			AwakeInstancesAfterBackupRestoration (0ms)
Platform modules already initialized, skipping
Registering precompiled user dll's ...
Registered in 0.004304 seconds.
Begin MonoManager ReloadAssembly
Native extension for WindowsStandalone target not found
Refreshing native plugins compatible for Editor in 38.89 ms, found 3 plugins.
Preloading 0 native plugins for Editor in 0.00 ms.
Mono: successfully reloaded assembly
- Completed reload, in  1.149 seconds
Domain Reload Profiling:
	ReloadAssembly (1150ms)
		BeginReloadAssembly (146ms)
			ExecutionOrderSort (0ms)
			DisableScriptedObjects (5ms)
			BackupInstance (0ms)
			ReleaseScriptingObjects (0ms)
			CreateAndSetChildDomain (17ms)
		EndReloadAssembly (950ms)
			LoadAssemblies (96ms)
			RebuildTransferFunctionScriptingTraits (0ms)
			SetupTypeCache (293ms)
			ReleaseScriptCaches (0ms)
			RebuildScriptCaches (44ms)
			SetupLoadedEditorAssemblies (404ms)
				LogAssemblyErrors (0ms)
				InitializePlatformSupportModulesInManaged (3ms)
				SetLoadedEditorAssemblies (0ms)
				RefreshPlugins (39ms)
				BeforeProcessingInitializeOnLoad (74ms)
				ProcessInitializeOnLoadAttributes (267ms)
				ProcessInitializeOnLoadMethodAttributes (17ms)
				AfterProcessingInitializeOnLoad (3ms)
				EditorAssembliesLoaded (0ms)
			ExecutionOrderSort2 (0ms)
			AwakeInstancesAfterBackupRestoration (6ms)
Platform modules already initialized, skipping
========================================================================
Worker process is ready to serve import requests
Launched and connected shader compiler UnityShaderCompiler.exe after 0.08 seconds
Refreshing native plugins compatible for Editor in 0.41 ms, found 3 plugins.
Preloading 0 native plugins for Editor in 0.00 ms.
Unloading 2091 Unused Serialized files (Serialized files now loaded: 0)
System memory in use before: 93.0 MB.
System memory in use after: 93.1 MB.

Unloading 28 unused Assets to reduce memory usage. Loaded Objects now: 2528.
Total: 3.496100 ms (FindLiveObjects: 0.241500 ms CreateObjectMapping: 0.101200 ms MarkObjects: 3.066400 ms  DeleteObjects: 0.085500 ms)

AssetImportParameters requested are different than current active one (requested -> active):
  custom:framework-win-MediaFoundation: 216162199b28c13a410421893ffa2e32 -> 
  custom:video-decoder-ogg-theora: a1e56fd34408186e4bbccfd4996cb3dc -> 
  custom:container-muxer-webm: aa71ff27fc2769a1b78a27578f13a17b -> 
  custom:container-demuxer-webm: 4f35f7cbe854078d1ac9338744f61a02 -> 
  custom:container-demuxer-ogg: 62fdf1f143b41e24485cea50d1cbac27 -> 
  custom:video-encoder-webm-vp8: eb34c28f22e8b96e1ab97ce403110664 -> 
  custom:video-decoder-webm-vp8: 9c59270c3fd7afecdb556c50c9e8de78 -> 
  custom:audio-decoder-ogg-vorbis: bf7c407c2cedff20999df2af8eb42d56 -> 
  custom:audio-encoder-webm-vorbis: bf7c407c2cedff20999df2af8eb42d56 -> 
========================================================================
Received Import Request.
  path: Assets
  artifactKey: Guid(00000000000000001000000000000000) Importer(815301076,1909f56bfc062723c751e8b465ee728b)
Start importing Assets using Guid(00000000000000001000000000000000) Importer(815301076,1909f56bfc062723c751e8b465ee728b)  -> (artifact id: '42d402b061de3733987d63b9cc3b64de') in 0.011732 seconds 
  Import took 0.015322 seconds .

========================================================================
Received Import Request.
  Time since last request: 0.000227 seconds.
  path: Assets/00.Scenes
  artifactKey: Guid(6687e01ac02cfa24ea068aef0579b5b3) Importer(815301076,1909f56bfc062723c751e8b465ee728b)
Start importing Assets/00.Scenes using Guid(6687e01ac02cfa24ea068aef0579b5b3) Importer(815301076,1909f56bfc062723c751e8b465ee728b)  -> (artifact id: '03c4267066fe518c7f712cf5a5671a48') in 0.008056 seconds 
  Import took 0.011683 seconds .

========================================================================
Received Import Request.
  Time since last request: 2.824247 seconds.
  path: Assets/01.Scripts
  artifactKey: Guid(bb5fa1406d9af6a4bb40b7968ec98d58) Importer(815301076,1909f56bfc062723c751e8b465ee728b)
Start importing Assets/01.Scripts using Guid(bb5fa1406d9af6a4bb40b7968ec98d58) Importer(815301076,1909f56bfc062723c751e8b465ee728b)  -> (artifact id: 'bfd233be218d80ac434952f0a9011371') in 0.008890 seconds 
  Import took 0.013488 seconds .

========================================================================
Received Import Request.
  Time since last request: 9.987662 seconds.
  path: Assets/02.Sprites
  artifactKey: Guid(bc463a83501afc74db52abc6497c634b) Importer(815301076,1909f56bfc062723c751e8b465ee728b)
Start importing Assets/02.Sprites using Guid(bc463a83501afc74db52abc6497c634b) Importer(815301076,1909f56bfc062723c751e8b465ee728b)  -> (artifact id: '6258660810453aaa457287800d053caa') in 0.007054 seconds 
  Import took 0.010654 seconds .

========================================================================
Received Import Request.
  Time since last request: 31.093630 seconds.
  path: Assets/03.Prefabs
  artifactKey: Guid(5dede43242245b14cb846afe540f5f2e) Importer(815301076,1909f56bfc062723c751e8b465ee728b)
Start importing Assets/03.Prefabs using Guid(5dede43242245b14cb846afe540f5f2e) Importer(815301076,1909f56bfc062723c751e8b465ee728b)  -> (artifact id: '86516c468d8d612a1ad04c205e8f88e2') in 0.008438 seconds 
  Import took 0.013069 seconds .

========================================================================
Received Import Request.
  Time since last request: 7.548275 seconds.
  path: Assets/04.Animations
  artifactKey: Guid(6bdb2c284bb9e8140a6afe677aa2fd0d) Importer(815301076,1909f56bfc062723c751e8b465ee728b)
Start importing Assets/04.Animations using Guid(6bdb2c284bb9e8140a6afe677aa2fd0d) Importer(815301076,1909f56bfc062723c751e8b465ee728b)  -> (artifact id: 'd719a31fd80ef2c0231fbcde725cd62c') in 0.007828 seconds 
  Import took 0.011495 seconds .

========================================================================
Received Import Request.
  Time since last request: 3.433327 seconds.
  path: Assets/00.Scenes/SampleScene.unity
  artifactKey: Guid(2cda990e2423bbf4892e6590ba056729) Importer(815301076,1909f56bfc062723c751e8b465ee728b)
Start importing Assets/00.Scenes/SampleScene.unity using Guid(2cda990e2423bbf4892e6590ba056729) Importer(815301076,1909f56bfc062723c751e8b465ee728b)  -> (artifact id: 'aa27944bdea339c97c39027c7eea529c') in 0.013720 seconds 
  Import took 0.016846 seconds .

========================================================================
Received Import Request.
  Time since last request: 6.034021 seconds.
  path: Assets/00.Scenes/MainScene.unity
  artifactKey: Guid(2cda990e2423bbf4892e6590ba056729) Importer(815301076,1909f56bfc062723c751e8b465ee728b)
Start importing Assets/00.Scenes/MainScene.unity using Guid(2cda990e2423bbf4892e6590ba056729) Importer(815301076,1909f56bfc062723c751e8b465ee728b)  -> (artifact id: '18e8003c8cc64cbebb2abe648ca68268') in 0.009291 seconds 
  Import took 0.012958 seconds .

AssetImportWorkerClient::OnTransportError - code=2 error=End of file
